<?xml version="1.0" encoding="UTF-8"?>
<testng-results skipped="0" failed="0" ignored="0" total="1" passed="1">
  <reporter-output>
  </reporter-output>
  <suite name="CaculatorTest" duration-ms="31" started-at="2018-10-08T03:06:46Z" finished-at="2018-10-08T03:06:46Z">
    <groups>
    </groups>
    <test name="Command line test" duration-ms="31" started-at="2018-10-08T03:06:46Z" finished-at="2018-10-08T03:06:46Z">
      <class name="CaculatorTest">
        <test-method status="PASS" signature="testAdd()[pri:0, instance:CaculatorTest@23223dd8]" name="testAdd" duration-ms="12" started-at="2018-10-08T11:06:46Z" finished-at="2018-10-08T11:06:46Z">
          <reporter-output>
          </reporter-output>
        </test-method> <!-- testAdd -->
      </class> <!-- CaculatorTest -->
    </test> <!-- Command line test -->
  </suite> <!-- CaculatorTest -->
</testng-results>
